{
  "stats": {
    "suites": 1,
    "tests": 1,
    "passes": 1,
    "pending": 0,
    "failures": 0,
    "start": "2026-05-17T07:42:59.929Z",
    "end": "2026-05-17T07:43:52.796Z",
    "duration": 52867,
    "testsRegistered": 1,
    "passPercent": 100,
    "pendingPercent": 0,
    "other": 0,
    "hasOther": false,
    "skipped": 0,
    "hasSkipped": false
  },
  "results": [
    {
      "uuid": "37ee16cf-b48d-4c7b-8ac9-9ef2ec76af68",
      "title": "",
      "fullFile": "cypress\\e2e\\Test_Login_Github.cy.js",
      "file": "cypress\\e2e\\Test_Login_Github.cy.js",
      "beforeHooks": [],
      "afterHooks": [],
      "tests": [],
      "suites": [
        {
          "uuid": "9ebf4216-9c25-4ac0-b3be-4070c7dd18eb",
          "title": "GitHub Workflow Test",
          "fullFile": "",
          "file": "",
          "beforeHooks": [],
          "afterHooks": [],
          "tests": [
            {
              "title": "Simple Login Test",
              "fullTitle": "GitHub Workflow Test Simple Login Test",
              "timedOut": null,
              "duration": 48658,
              "state": "passed",
              "speed": "slow",
              "pass": true,
              "fail": false,
              "pending": false,
              "context": null,
              "code": "cy.visit('https://practicetestautomation.com/practice-test-login/');\ncy.get(\"#username\", {\n  timeout: 5000\n}).type('student');\ncy.get(\"#password\").type('Password123');\ncy.get(\"#submit\").click();\ncy.get(\".post-title\").should('be.visible');",
              "err": {},
              "uuid": "89ef7bdf-93df-4fcd-9227-7ac48a37d427",
              "parentUUID": "9ebf4216-9c25-4ac0-b3be-4070c7dd18eb",
              "isHook": false,
              "skipped": false
            }
          ],
          "suites": [],
          "passes": [
            "89ef7bdf-93df-4fcd-9227-7ac48a37d427"
          ],
          "failures": [],
          "pending": [],
          "skipped": [],
          "duration": 48658,
          "root": false,
          "rootEmpty": false,
          "_timeout": 2000
        }
      ],
      "passes": [],
      "failures": [],
      "pending": [],
      "skipped": [],
      "duration": 0,
      "root": true,
      "rootEmpty": true,
      "_timeout": 2000
    }
  ],
  "meta": {
    "mocha": {
      "version": "7.2.0"
    },
    "mochawesome": {
      "options": {
        "quiet": false,
        "reportFilename": "mochawesome",
        "saveHtml": true,
        "saveJson": true,
        "consoleReporter": "spec",
        "useInlineDiffs": false,
        "code": true
      },
      "version": "7.1.4"
    },
    "marge": {
      "options": {
        "reportDir": "reports",
        "overwrite": false,
        "html": true,
        "json": true
      },
      "version": "6.3.2"
    }
  }
}